{"D:\\Dev\\Resume Project\\TDD with TypeScript\\src\\modules\\saved-search.ts": {"path":"D:\\Dev\\Resume Project\\TDD with TypeScript\\src\\modules\\saved-search.ts","statementMap":{"0":{"start":{"line":11,"column":16},"end":{"line":16,"column":1}},"1":{"start":{"line":12,"column":0},"end":{"line":12,"column":38}},"2":{"start":{"line":12,"column":21},"end":{"line":12,"column":38}},"3":{"start":{"line":13,"column":0},"end":{"line":13,"column":null}},"4":{"start":{"line":19,"column":19},"end":{"line":25,"column":1}},"5":{"start":{"line":20,"column":17},"end":{"line":22,"column":5}},"6":{"start":{"line":23,"column":0},"end":{"line":23,"column":null}},"7":{"start":{"line":27,"column":25},"end":{"line":32,"column":null}},"8":{"start":{"line":36,"column":0},"end":{"line":36,"column":32}}},"fnMap":{"0":{"name":"(anonymous_0)","decl":{"start":{"line":11,"column":16},"end":{"line":11,"column":17}},"loc":{"start":{"line":11,"column":47},"end":{"line":16,"column":1}}},"1":{"name":"(anonymous_1)","decl":{"start":{"line":19,"column":19},"end":{"line":19,"column":20}},"loc":{"start":{"line":19,"column":58},"end":{"line":25,"column":1}}}},"branchMap":{"0":{"loc":{"start":{"line":12,"column":0},"end":{"line":12,"column":38}},"type":"if","locations":[{"start":{"line":12,"column":0},"end":{"line":12,"column":38}}]}},"s":{"0":1,"1":2,"2":1,"3":1,"4":1,"5":2,"6":2,"7":1,"8":1},"f":{"0":2,"1":2},"b":{"0":[1]}}
}
